#2.0#2021 02 24 16:21:15.396#Z#DEBUG#com.sap.cloud.lm.sl.xs2.513db686-76bc-11eb-aafa-eeee0a893f1f.OPERATION.startEvent#
######org.cloudfoundry.multiapps.controller.persistence.services.ProcessLogger########http-nio-0.0.0.0-8080-exec-7###
[XS2StartProcessListener] Process environment: {
  "PLATFORM" : "{\n  \"name\": \"CLOUD-FOUNDRY\",\n  \"module-types\": [\n    { \"name\": \"custom\" },\n    { \"name\": \"javascript.nodejs\" },\n    { \"name\": \"java\", \"parameters\": { \"buildpack\": \"sap_java_buildpack\" }},\n    { \"name\": \"java.tomcat\", \"parameters\": { \"buildpack\": \"sap_java_buildpack\" }, \"properties\": { \"TARGET_RUNTIME\": \"tomcat\" }},\n    { \"name\": \"java.tomee\",  \"parameters\": { \"buildpack\": \"sap_java_buildpack\" }, \"properties\": { \"TARGET_RUNTIME\": \"tomee\" }},\n    { \"name\": \"com.sap.xs.hdi-dynamic\", \"parameters\": { \"buildpack\": \"nodejs_buildpack\" }},\n    { \"name\": \"com.sap.xs.hdi\", \"parameters\": { \"no-route\": true, \"no-start\": true, \"memory\": \"256M\", \"tasks\": [{ \"name\": \"deploy\", \"memory\": \"256M\", \"command\": \"npm start\" }], \"dependency-type\": \"hard\" }, \"properties\" : { \"EXIT\": 1 }},\n    { \"name\": \"com.sap.xs.hdi-zdm\", \"parameters\": { \"zdm-mode\": true, \"no-route\": true, \"no-start\": true, \"memory\": \"256M\", \"tasks\": [{ \"name\": \"deploy\", \"memory\": \"256M\", \"command\": \"npm start\" }], \"dependency-type\": \"hard\" }, \"properties\" : { \"EXIT\": 1, \"HDI_DEPLOY_MODE\": \"ZDM\" }},\n    { \"name\": \"com.sap.portal.site-content\", \"parameters\": { \"no-route\": true, \"memory\": \"256M\", \"execute-app\": true, \"success-marker\": \"STDOUT:Deployment of site content to .* done.*\", \"failure-marker\": \"STDERR:Deployment of site content to .* failed.*\", \"stop-app\": true, \"check-deploy-id\": true, \"dependency-type\": \"hard\", \"health-check-type\": \"none\" }},\n    { \"name\": \"com.sap.portal.content\", \"parameters\": { \"no-route\": true, \"no-start\": true, \"memory\": \"256M\", \"tasks\": [{ \"name\": \"deploy\", \"memory\": \"256M\", \"command\": \"npm start\" }], \"dependency-type\": \"hard\" }, \"properties\" : { \"EXIT\": 1 }},\n    { \"name\": \"com.sap.xs.dwf\", \"parameters\": { \"no-route\": true, \"memory\": \"256M\", \"execute-app\": true, \"success-marker\": \"STDOUT:The deployment of DWF content to .* container finished successfully .*\", \"failure-marker\": \"STDERR:The deployment of DWF content to .* container failed .*\", \"stop-app\": true, \"check-deploy-id\": true, \"dependency-type\": \"hard\", \"health-check-type\": \"none\" }},\n    { \"name\": \"business-logging\", \"parameters\": { \"no-route\": true, \"memory\": \"256M\", \"execute-app\": true, \"success-marker\": \"STDOUT:Deployment of content deployer done.\", \"failure-marker\": \"STDERR:Deployment of content deployer failed.\", \"stop-app\": true, \"health-check-type\": \"none\" }},\n    { \"name\": \"com.sap.business-logging.content\", \"parameters\": { \"no-route\": true, \"no-start\": true, \"memory\": \"256M\", \"tasks\": [{ \"name\": \"deploy\", \"memory\": \"256M\", \"command\": \"npm start\" }], \"dependency-type\": \"hard\" }, \"properties\" : { \"EXIT\": 1 }},\n    { \"name\": \"com.sap.html5.application-content\", \"parameters\": { \"no-route\": true, \"memory\": \"256M\", \"execute-app\": true, \"success-marker\": \"STDOUT:Deployment of html5 application content done.*\", \"failure-marker\": \"STDERR:Deployment of html5 application content failed.*\", \"stop-app\": true, \"check-deploy-id\": true, \"dependency-type\": \"hard\", \"health-check-type\": \"none\" }}, \n    { \"name\": \"com.sap.html5.application.content\", \"parameters\": { \"no-route\": true, \"no-start\": true, \"memory\": \"256M\", \"tasks\": [{ \"name\": \"deploy\", \"memory\": \"256M\", \"command\": \"npm start\" }], \"dependency-type\": \"hard\" }, \"properties\" : { \"EXIT\": 1 }},\n    { \"name\": \"staticfile\", \"parameters\": { \"buildpack\": \"staticfile_buildpack\" }},\n    { \"name\": \"ruby\", \"parameters\": { \"buildpack\": \"ruby_buildpack\" }},\n    { \"name\": \"nodejs\", \"parameters\": { \"buildpack\": \"nodejs_buildpack\" }},\n    { \"name\": \"go\", \"parameters\": { \"buildpack\": \"go_buildpack\" }},\n    { \"name\": \"python\", \"parameters\": { \"buildpack\": \"python_buildpack\" }},\n    { \"name\": \"php\", \"parameters\": { \"buildpack\": \"php_buildpack\" }},\n    { \"name\": \"binary\", \"parameters\": { \"buildpack\": \"binary_buildpack\" }},\n    { \"name\": \"dotnet_core\", \"parameters\": { \"buildpack\": \"dotnet_core_buildpack\" }},\n    { \"name\": \"application\" },\n    { \"name\": \"com.sap.application.content\" },\n    { \"name\": \"com.sap.integration\" },\n    { \"name\": \"com.sap.api.management\" }\n  ],\n  \"resource-types\": [\n    { \"name\": \"com.sap.xs.hdi-container\", \"parameters\": { \"service\": \"hana\", \"service-plan\": \"hdi-shared\", \"service-alternatives\": [\"hanatrial\"], \"type\": \"managed-service\" }},\n    { \"name\": \"com.sap.xs.hana-sbss\", \"parameters\": { \"service\": \"hana\", \"service-plan\": \"sbss\", \"service-alternatives\": [\"hanatrial\"], \"type\": \"managed-service\" }},\n    { \"name\": \"com.sap.xs.hana-schema\", \"parameters\": { \"service\": \"hana\", \"service-plan\": \"schema\", \"service-alternatives\": [\"hanatrial\"], \"type\": \"managed-service\" }},\n    { \"name\": \"com.sap.xs.hana-securestore\", \"parameters\": { \"service\": \"hana\", \"service-plan\": \"securestore\", \"service-alternatives\": [\"hanatrial\"], \"type\": \"managed-service\" }},\n    { \"name\": \"com.sap.xs.managed-hdi-container\", \"parameters\": { \"service\": \"managed-hana\", \"service-plan\": \"hdi-shared\", \"type\": \"managed-service\" }},\n    { \"name\": \"com.sap.xs.managed-hana-schema\", \"parameters\": { \"service\": \"managed-hana\", \"service-plan\": \"schema\", \"type\": \"managed-service\" }},\n    { \"name\": \"com.sap.xs.managed-hana-securestore\", \"parameters\": { \"service\": \"managed-hana\", \"service-plan\": \"securestore\", \"type\": \"managed-service\" }},\n    { \"name\": \"com.sap.xs.job-scheduler\", \"parameters\": { \"service\": \"jobscheduler\", \"service-plan\": \"lite\", \"type\": \"managed-service\" }},\n    { \"name\": \"com.sap.xs.fs\", \"parameters\": { \"service\": \"fs-storage\", \"service-plan\": \"lite\", \"type\": \"managed-service\" }},\n    { \"name\": \"com.sap.xs.uaa\", \"parameters\": { \"service\": \"xsuaa\", \"service-plan\": \"application\", \"type\": \"managed-service\" }},\n    { \"name\": \"com.sap.xs.uaa-space\", \"parameters\": { \"service\": \"xsuaa\", \"service-plan\": \"application\", \"type\": \"managed-service\" }},\n    { \"name\": \"com.sap.xs.uaa-devuser\", \"parameters\": { \"service\": \"xsuaa\", \"service-plan\": \"application\", \"type\": \"managed-service\" }},\n    { \"name\": \"com.sap.xs.uaa-application\", \"parameters\": { \"service\": \"xsuaa\", \"service-plan\": \"application\", \"type\": \"managed-service\" }},\n    { \"name\": \"com.sap.xs.uaa-broker\", \"parameters\": { \"service\": \"xsuaa\", \"service-plan\": \"broker\", \"type\": \"managed-service\" }},\n    { \"name\": \"com.sap.xs.application-logs\", \"parameters\": { \"service\": \"application-logs\", \"service-plan\": \"lite\", \"skip-service-updates\": { \"parameters\": true, \"plan\": true }, \"type\": \"managed-service\" }},\n    { \"name\": \"com.sap.portal.site-host\", \"parameters\": { \"service\": \"portal-services\", \"service-plan\": \"site-host\", \"type\": \"managed-service\" }},\n    { \"name\": \"com.sap.portal.site-content\", \"parameters\": { \"service\": \"portal-services\", \"service-plan\": \"site-content\", \"type\": \"managed-service\" }},\n    { \"name\": \"com.sap.xs.dwf-edw-client\", \"parameters\": { \"service\": \"dwf\", \"service-plan\": \"edw-client\", \"type\": \"managed-service\"}},\n    { \"name\": \"com.sap.xs.auditlog\", \"parameters\": { \"service\": \"auditlog\", \"service-plan\": \"standard\", \"skip-service-updates\": { \"parameters\": true, \"plan\": true }, \"type\": \"managed-service\" }},\n    { \"name\": \"auditlog\", \"parameters\": { \"service\": \"auditlog\", \"service-plan\": \"standard\", \"skip-service-updates\": { \"parameters\": true, \"plan\": true }, \"type\": \"managed-service\" }},\n    { \"name\": \"org.mongodb\", \"parameters\": { \"service\": \"mongodb\", \"service-plan\": \"v3.0-dev\", \"type\": \"managed-service\" }},\n    { \"name\": \"mongodb\", \"parameters\": { \"service\": \"mongodb\", \"service-plan\": \"v3.0-dev\", \"type\": \"managed-service\" }},\n    { \"name\": \"org.postgresql\", \"parameters\": { \"service\": \"postgresql\", \"service-plan\": \"v9.4-dev\", \"type\": \"managed-service\" }},\n    { \"name\": \"postgresql\", \"parameters\": { \"service\": \"postgresql\", \"service-plan\": \"v9.4-dev\", \"type\": \"managed-service\" }},\n    { \"name\": \"com.rabbitmq\", \"parameters\": { \"service\": \"rabbitmq\", \"service-plan\": \"v3.6-dev\", \"type\": \"managed-service\" }},\n    { \"name\": \"rabbitmq\", \"parameters\": { \"service\": \"rabbitmq\", \"service-plan\": \"v3.6-dev\", \"type\": \"managed-service\" }},\n    { \"name\": \"io.redis\", \"parameters\": { \"service\": \"redis\", \"service-plan\": \"v3.0-dev\", \"type\": \"managed-service\" }},\n    { \"name\": \"redis\", \"parameters\": { \"service\": \"redis\", \"service-plan\": \"v3.0-dev\", \"type\": \"managed-service\" }},\n    { \"name\": \"com.influxdb\", \"parameters\": { \"service\": \"influxdb\", \"service-plan\": \"v0.13-container\", \"type\": \"managed-service\" }},\n    { \"name\": \"influxdb\", \"parameters\": { \"service\": \"influxdb\", \"service-plan\": \"v0.13-container\", \"type\": \"managed-service\" }},\n    { \"name\": \"org.cloudfoundry.user-provided-service\", \"parameters\": { \"type\": \"user-provided-service\" }},\n    { \"name\": \"org.cloudfoundry.managed-service\", \"parameters\": { \"type\": \"managed-service\" }},\n    { \"name\": \"org.cloudfoundry.existing-service\", \"parameters\": { \"type\": \"existing-service\" }},\n    { \"name\": \"org.cloudfoundry.existing-service-key\", \"parameters\": { \"type\": \"existing-service-key\" }},\n    { \"name\": \"mta-provided\", \"parameters\": { \"type\": \"mta-provides-dependency\" }},\n    { \"name\": \"configuration\", \"parameters\": { \"type\": \"configuration\" }},\n    { \"name\": \"autoscaler\", \"parameters\": { \"service\": \"autoscaler\", \"service-plan\": \"lite\", \"skip-service-updates\": { \"parameters\": true, \"plan\": true }, \"type\": \"managed-service\" }},\n    { \"name\": \"application-logs\", \"parameters\": { \"service\": \"application-logs\", \"service-plan\": \"lite\", \"skip-service-updates\": { \"parameters\": true, \"plan\": true }, \"type\": \"managed-service\" }},\n    { \"name\": \"connectivity\", \"parameters\": { \"service\": \"connectivity\", \"service-plan\": \"lite\", \"type\": \"managed-service\" }},\n    { \"name\": \"feature-flags\", \"parameters\": { \"service\": \"feature-flags\", \"service-plan\": \"lite\", \"type\": \"managed-service\" }},\n    { \"name\": \"metering\", \"parameters\": { \"service\": \"metering\", \"service-plan\": \"standard\", \"type\": \"managed-service\" }},\n    { \"name\": \"ml-foundation-services\", \"parameters\": { \"service\": \"ml-foundation-services\", \"service-plan\": \"lite\", \"type\": \"managed-service\" }},\n    { \"name\": \"objectstore\", \"parameters\": { \"service\": \"objectstore\", \"service-plan\": \"s3-standard\", \"type\": \"managed-service\" }},\n    { \"name\": \"destination\", \"parameters\": { \"service\": \"destination\", \"service-plan\": \"lite\", \"type\": \"managed-service\" }}\n  ]\n}\n",
  "SKIP_SSL_VALIDATION" : "false",
  "DB_TYPE" : "POSTGRESQL",
  "FLOWABLE_JOB_EXECUTOR_MAX_THREADS" : "32",
  "XS_TYPE" : "CF",
  "VERSION" : "1.117.0",
  "BASIC_AUTH_ENABLED" : "true",
  "FLOWABLE_JOB_EXECUTOR_QUEUE_CAPACITY" : "16",
  "GLOBAL_AUDITOR_USER" : "provisioned_user_xsa_deploy-serviceDSglobalAuditorUser",
  "FLOWABLE_JOB_EXECUTOR_CORE_THREADS" : "8"
}#

#2.0#2021 02 24 16:21:15.396#Z#DEBUG#com.sap.cloud.lm.sl.xs2.513db686-76bc-11eb-aafa-eeee0a893f1f.OPERATION.startEvent#
######org.cloudfoundry.multiapps.controller.persistence.services.ProcessLogger########http-nio-0.0.0.0-8080-exec-7###
[XS2StartProcessListener] Current user: michael.king03@sap.com#

#2.0#2021 02 24 16:21:15.396#Z#DEBUG#com.sap.cloud.lm.sl.xs2.513db686-76bc-11eb-aafa-eeee0a893f1f.OPERATION.startEvent#
######org.cloudfoundry.multiapps.controller.persistence.services.ProcessLogger########http-nio-0.0.0.0-8080-exec-7###
[XS2StartProcessListener] Client space: dev#

#2.0#2021 02 24 16:21:15.397#Z#DEBUG#com.sap.cloud.lm.sl.xs2.513db686-76bc-11eb-aafa-eeee0a893f1f.OPERATION.startEvent#
######org.cloudfoundry.multiapps.controller.persistence.services.ProcessLogger########http-nio-0.0.0.0-8080-exec-7###
[XS2StartProcessListener] Client organization: 697f88d1trial#

#2.0#2021 02 24 16:21:15.397#Z#DEBUG#com.sap.cloud.lm.sl.xs2.513db686-76bc-11eb-aafa-eeee0a893f1f.OPERATION.startEvent#
######org.cloudfoundry.multiapps.controller.persistence.services.ProcessLogger########http-nio-0.0.0.0-8080-exec-7###
[XS2StartProcessListener] Process variables: {
  "abortOnError" : false,
  "mtaId" : "myworkflowapp",
  "keepFiles" : false,
  "verifyArchiveSignature" : false,
  "noFailOnMissingPermissions" : false,
  "deleteServiceBrokers" : false,
  "appArchiveId" : "a4819061-0b1f-4cb0-b238-cd0de0744652",
  "gitUri" : "",
  "deleteServiceKeys" : "********",
  "noRestartSubscribedApps" : false,
  "noStart" : false,
  "deleteServices" : false
}#

#2.0#2021 02 24 16:21:15.437#Z#DEBUG#com.sap.cloud.lm.sl.xs2.513db686-76bc-11eb-aafa-eeee0a893f1f.OPERATION.validateParametersTask#
######org.cloudfoundry.multiapps.controller.persistence.services.ProcessLogger########flowable-async-job-executor-thread-9682###
[ValidateDeployParametersStep] Executing task "validateParametersTask" of process "513dddb6-76bc-11eb-aafa-eeee0a893f1f"...#

#2.0#2021 02 24 16:21:15.438#Z#DEBUG#com.sap.cloud.lm.sl.xs2.513db686-76bc-11eb-aafa-eeee0a893f1f.OPERATION.validateParametersTask#
######org.cloudfoundry.multiapps.controller.persistence.services.ProcessLogger########flowable-async-job-executor-thread-9682###
[ValidateDeployParametersStep] Validating parameters...#

#2.0#2021 02 24 16:21:15.438#Z#INFO#com.sap.cloud.lm.sl.xs2.513db686-76bc-11eb-aafa-eeee0a893f1f.OPERATION.validateParametersTask#
######org.cloudfoundry.multiapps.controller.persistence.services.ProcessLogger########flowable-async-job-executor-thread-9682###
[ValidateDeployParametersStep] Deploying in org "697f88d1trial" and space "dev"#

#2.0#2021 02 24 16:21:15.443#Z#DEBUG#com.sap.cloud.lm.sl.xs2.513db686-76bc-11eb-aafa-eeee0a893f1f.OPERATION.validateParametersTask#
######org.cloudfoundry.multiapps.controller.persistence.services.ProcessLogger########flowable-async-job-executor-thread-9682###
[ValidateDeployParametersStep] Parameters validated#

#2.0#2021 02 24 16:21:15.444#Z#DEBUG#com.sap.cloud.lm.sl.xs2.513db686-76bc-11eb-aafa-eeee0a893f1f.OPERATION.validateParametersTask#
######org.cloudfoundry.multiapps.controller.persistence.services.ProcessLogger########flowable-async-job-executor-thread-9682###
Step "Validate Parameters" finished#

#2.0#2021 02 24 16:21:15.465#Z#DEBUG#com.sap.cloud.lm.sl.xs2.513db686-76bc-11eb-aafa-eeee0a893f1f.OPERATION.deleteRemainingFileParts#
######org.cloudfoundry.multiapps.controller.persistence.services.ProcessLogger########flowable-async-job-executor-thread-9685###
[DeleteRemainingFileParts] Executing task "deleteRemainingFileParts" of process "513dddb6-76bc-11eb-aafa-eeee0a893f1f"...#

#2.0#2021 02 24 16:21:15.466#Z#DEBUG#com.sap.cloud.lm.sl.xs2.513db686-76bc-11eb-aafa-eeee0a893f1f.OPERATION.deleteRemainingFileParts#
######org.cloudfoundry.multiapps.controller.persistence.services.ProcessLogger########flowable-async-job-executor-thread-9685###
Step "Delete Remaining File Parts" finished#

#2.0#2021 02 24 16:21:15.485#Z#DEBUG#com.sap.cloud.lm.sl.xs2.513db686-76bc-11eb-aafa-eeee0a893f1f.OPERATION.processArchiveTask#
######org.cloudfoundry.multiapps.controller.persistence.services.ProcessLogger########flowable-async-job-executor-thread-9686###
[XS2ProcessMtaArchiveStep] Executing task "processArchiveTask" of process "513dddb6-76bc-11eb-aafa-eeee0a893f1f"...#

#2.0#2021 02 24 16:21:15.486#Z#DEBUG#com.sap.cloud.lm.sl.xs2.513db686-76bc-11eb-aafa-eeee0a893f1f.OPERATION.processArchiveTask#
######org.cloudfoundry.multiapps.controller.persistence.services.ProcessLogger########flowable-async-job-executor-thread-9686###
[XS2ProcessMtaArchiveStep] Processing MTA archive...#

#2.0#2021 02 24 16:21:15.486#Z#DEBUG#com.sap.cloud.lm.sl.xs2.513db686-76bc-11eb-aafa-eeee0a893f1f.OPERATION.processArchiveTask#
######org.cloudfoundry.multiapps.controller.persistence.services.ProcessLogger########flowable-async-job-executor-thread-9686###
[XS2ProcessMtaArchiveStep] MTA Archive ID: a4819061-0b1f-4cb0-b238-cd0de0744652#

#2.0#2021 02 24 16:21:15.534#Z#DEBUG#com.sap.cloud.lm.sl.xs2.513db686-76bc-11eb-aafa-eeee0a893f1f.OPERATION.processArchiveTask#
######org.cloudfoundry.multiapps.controller.persistence.services.ProcessLogger########flowable-async-job-executor-thread-9686###
[XS2ProcessMtaArchiveStep] MTA Archive Modules: [myworkflow]#

#2.0#2021 02 24 16:21:15.534#Z#DEBUG#com.sap.cloud.lm.sl.xs2.513db686-76bc-11eb-aafa-eeee0a893f1f.OPERATION.processArchiveTask#
######org.cloudfoundry.multiapps.controller.persistence.services.ProcessLogger########flowable-async-job-executor-thread-9686###
[XS2ProcessMtaArchiveStep] MTA Archive Requires: []#

#2.0#2021 02 24 16:21:15.534#Z#DEBUG#com.sap.cloud.lm.sl.xs2.513db686-76bc-11eb-aafa-eeee0a893f1f.OPERATION.processArchiveTask#
######org.cloudfoundry.multiapps.controller.persistence.services.ProcessLogger########flowable-async-job-executor-thread-9686###
[XS2ProcessMtaArchiveStep] MTA Archive Resources: []#

#2.0#2021 02 24 16:21:15.540#Z#DEBUG#com.sap.cloud.lm.sl.xs2.513db686-76bc-11eb-aafa-eeee0a893f1f.OPERATION.processArchiveTask#
######org.cloudfoundry.multiapps.controller.persistence.services.ProcessLogger########flowable-async-job-executor-thread-9686###
[XS2ProcessMtaArchiveStep] MTA archive processed#

#2.0#2021 02 24 16:21:15.541#Z#DEBUG#com.sap.cloud.lm.sl.xs2.513db686-76bc-11eb-aafa-eeee0a893f1f.OPERATION.processArchiveTask#
######org.cloudfoundry.multiapps.controller.persistence.services.ProcessLogger########flowable-async-job-executor-thread-9686###
Step "Process Archive" finished#

#2.0#2021 02 24 16:21:15.565#Z#DEBUG#com.sap.cloud.lm.sl.xs2.513db686-76bc-11eb-aafa-eeee0a893f1f.OPERATION.processExtensionDescriptorsTask#
######org.cloudfoundry.multiapps.controller.persistence.services.ProcessLogger########flowable-async-job-executor-thread-9687###
[ProcessMtaExtensionDescriptorsStep] Executing task "processExtensionDescriptorsTask" of process "513dddb6-76bc-11eb-aafa-eeee0a893f1f"...#

#2.0#2021 02 24 16:21:15.566#Z#DEBUG#com.sap.cloud.lm.sl.xs2.513db686-76bc-11eb-aafa-eeee0a893f1f.OPERATION.processExtensionDescriptorsTask#
######org.cloudfoundry.multiapps.controller.persistence.services.ProcessLogger########flowable-async-job-executor-thread-9687###
[ProcessMtaExtensionDescriptorsStep] Processing MTA extension descriptors...#

#2.0#2021 02 24 16:21:15.566#Z#DEBUG#com.sap.cloud.lm.sl.xs2.513db686-76bc-11eb-aafa-eeee0a893f1f.OPERATION.processExtensionDescriptorsTask#
######org.cloudfoundry.multiapps.controller.persistence.services.ProcessLogger########flowable-async-job-executor-thread-9687###
[ProcessMtaExtensionDescriptorsStep] Extension descriptors: [ ]#

#2.0#2021 02 24 16:21:15.566#Z#DEBUG#com.sap.cloud.lm.sl.xs2.513db686-76bc-11eb-aafa-eeee0a893f1f.OPERATION.processExtensionDescriptorsTask#
######org.cloudfoundry.multiapps.controller.persistence.services.ProcessLogger########flowable-async-job-executor-thread-9687###
[ProcessMtaExtensionDescriptorsStep] MTA extension descriptors processed#

#2.0#2021 02 24 16:21:15.567#Z#DEBUG#com.sap.cloud.lm.sl.xs2.513db686-76bc-11eb-aafa-eeee0a893f1f.OPERATION.processExtensionDescriptorsTask#
######org.cloudfoundry.multiapps.controller.persistence.services.ProcessLogger########flowable-async-job-executor-thread-9687###
Step "Process Extension Descriptors" finished#

#2.0#2021 02 24 16:21:15.588#Z#DEBUG#com.sap.cloud.lm.sl.xs2.513db686-76bc-11eb-aafa-eeee0a893f1f.OPERATION.detectSchemaVersionTask#
######org.cloudfoundry.multiapps.controller.persistence.services.ProcessLogger########flowable-async-job-executor-thread-9681###
[DetectMtaSchemaVersionStep] Executing task "detectSchemaVersionTask" of process "513dddb6-76bc-11eb-aafa-eeee0a893f1f"...#

#2.0#2021 02 24 16:21:15.588#Z#DEBUG#com.sap.cloud.lm.sl.xs2.513db686-76bc-11eb-aafa-eeee0a893f1f.OPERATION.detectSchemaVersionTask#
######org.cloudfoundry.multiapps.controller.persistence.services.ProcessLogger########flowable-async-job-executor-thread-9681###
[DetectMtaSchemaVersionStep] Detecting MTA major schema version...#

#2.0#2021 02 24 16:21:15.590#Z#INFO#com.sap.cloud.lm.sl.xs2.513db686-76bc-11eb-aafa-eeee0a893f1f.OPERATION.detectSchemaVersionTask#
######org.cloudfoundry.multiapps.controller.persistence.services.ProcessLogger########flowable-async-job-executor-thread-9681###
[DetectMtaSchemaVersionStep] Detected MTA schema version: "3"#

#2.0#2021 02 24 16:21:15.593#Z#DEBUG#com.sap.cloud.lm.sl.xs2.513db686-76bc-11eb-aafa-eeee0a893f1f.OPERATION.detectSchemaVersionTask#
######org.cloudfoundry.multiapps.controller.persistence.services.ProcessLogger########flowable-async-job-executor-thread-9681###
Step "Detect Schema Version" finished#

#2.0#2021 02 24 16:21:15.612#Z#DEBUG#com.sap.cloud.lm.sl.xs2.513db686-76bc-11eb-aafa-eeee0a893f1f.OPERATION.mergeDescriptorsTask#
######org.cloudfoundry.multiapps.controller.persistence.services.ProcessLogger########flowable-async-job-executor-thread-9683###
[MergeDescriptorsStep] Executing task "mergeDescriptorsTask" of process "513dddb6-76bc-11eb-aafa-eeee0a893f1f"...#

#2.0#2021 02 24 16:21:15.613#Z#DEBUG#com.sap.cloud.lm.sl.xs2.513db686-76bc-11eb-aafa-eeee0a893f1f.OPERATION.mergeDescriptorsTask#
######org.cloudfoundry.multiapps.controller.persistence.services.ProcessLogger########flowable-async-job-executor-thread-9683###
[MergeDescriptorsStep] Validating and merging descriptors...#

#2.0#2021 02 24 16:21:15.614#Z#DEBUG#com.sap.cloud.lm.sl.xs2.513db686-76bc-11eb-aafa-eeee0a893f1f.OPERATION.mergeDescriptorsTask#
######org.cloudfoundry.multiapps.controller.persistence.services.ProcessLogger########flowable-async-job-executor-thread-9683###
[MergeDescriptorsStep] Merged deployment descriptor: {
  "majorSchemaVersion" : 3,
  "schemaVersion" : "3.2.0",
  "id" : "myworkflowapp",
  "version" : "0.0.1",
  "modules" : [ {
    "majorSchemaVersion" : 3,
    "name" : "myworkflow",
    "type" : "com.sap.application.content",
    "path" : "myworkflow",
    "properties" : { },
    "parameters" : { },
    "requiredDependencies" : [ {
      "majorSchemaVersion" : 3,
      "name" : "workflow_mta",
      "properties" : { },
      "parameters" : {
        "content-target" : true
      },
      "propertiesMetadata" : {
        "metadata" : { }
      },
      "parametersMetadata" : {
        "metadata" : { }
      }
    } ],
    "providedDependencies" : [ {
      "majorSchemaVersion" : 3,
      "name" : "myworkflow",
      "isPublic" : false,
      "properties" : { },
      "parameters" : { },
      "propertiesMetadata" : {
        "metadata" : { }
      },
      "parametersMetadata" : {
        "metadata" : { }
      }
    } ],
    "propertiesMetadata" : {
      "metadata" : { }
    },
    "parametersMetadata" : {
      "metadata" : { }
    },
    "hooks" : [ ]
  } ],
  "resources" : [ {
    "majorSchemaVersion" : 3,
    "name" : "workflow_mta",
    "type" : "org.cloudfoundry.managed-service",
    "properties" : { },
    "parameters" : {
      "service-plan" : "lite",
      "type" : "managed-service",
      "service" : "workflow"
    },
    "isActive" : true,
    "isOptional" : false,
    "propertiesMetadata" : {
      "metadata" : { }
    },
    "parametersMetadata" : {
      "metadata" : { }
    },
    "requiredDependencies" : [ ]
  } ],
  "parameters" : { },
  "parametersMetadata" : {
    "metadata" : { }
  }
}#

#2.0#2021 02 24 16:21:15.614#Z#DEBUG#com.sap.cloud.lm.sl.xs2.513db686-76bc-11eb-aafa-eeee0a893f1f.OPERATION.mergeDescriptorsTask#
######org.cloudfoundry.multiapps.controller.persistence.services.ProcessLogger########flowable-async-job-executor-thread-9683###
[MergeDescriptorsStep] Descriptors validated and merged#

#2.0#2021 02 24 16:21:15.615#Z#DEBUG#com.sap.cloud.lm.sl.xs2.513db686-76bc-11eb-aafa-eeee0a893f1f.OPERATION.mergeDescriptorsTask#
######org.cloudfoundry.multiapps.controller.persistence.services.ProcessLogger########flowable-async-job-executor-thread-9683###
Step "Merge Descriptors" finished#

#2.0#2021 02 24 16:21:15.635#Z#DEBUG#com.sap.cloud.lm.sl.xs2.513db686-76bc-11eb-aafa-eeee0a893f1f.OPERATION.detectDeployedMtaTask#
######org.cloudfoundry.multiapps.controller.persistence.services.ProcessLogger########flowable-async-job-executor-thread-9684###
[DetectDeployedMtaStep] Executing task "detectDeployedMtaTask" of process "513dddb6-76bc-11eb-aafa-eeee0a893f1f"...#

#2.0#2021 02 24 16:21:15.636#Z#DEBUG#com.sap.cloud.lm.sl.xs2.513db686-76bc-11eb-aafa-eeee0a893f1f.OPERATION.detectDeployedMtaTask#
######org.cloudfoundry.multiapps.controller.persistence.services.ProcessLogger########flowable-async-job-executor-thread-9684###
[DetectDeployedMtaStep] Detecting deployed MTA...#

#2.0#2021 02 24 16:21:15.636#Z#DEBUG#com.sap.cloud.lm.sl.xs2.513db686-76bc-11eb-aafa-eeee0a893f1f.OPERATION.detectDeployedMtaTask#
######org.cloudfoundry.multiapps.controller.persistence.services.ProcessLogger########flowable-async-job-executor-thread-9684###
[DetectDeployedMtaStep] Detecting MTA by id myworkflowapp and namespace null#

#2.0#2021 02 24 16:21:15.636#Z#DEBUG#com.sap.cloud.lm.sl.xs2.513db686-76bc-11eb-aafa-eeee0a893f1f.OPERATION.detectDeployedMtaTask#
######org.cloudfoundry.multiapps.controller.persistence.services.ProcessLogger########flowable-async-job-executor-thread-9684###
[DetectDeployedMtaStep] Getting applications by metadata label selector "mta_id=e6b2e00a177f80d127ff16402d0db025,!mta_namespace"...#

#2.0#2021 02 24 16:21:15.758#Z#DEBUG#com.sap.cloud.lm.sl.xs2.513db686-76bc-11eb-aafa-eeee0a893f1f.OPERATION.detectDeployedMtaTask#
######org.cloudfoundry.multiapps.controller.persistence.services.ProcessLogger########flowable-async-job-executor-thread-9684###
[DetectDeployedMtaStep] Getting service instances by metadata label selector "mta_id=e6b2e00a177f80d127ff16402d0db025,!mta_namespace"...#

#2.0#2021 02 24 16:21:16.834#Z#DEBUG#com.sap.cloud.lm.sl.xs2.513db686-76bc-11eb-aafa-eeee0a893f1f.OPERATION.detectDeployedMtaTask#
######org.cloudfoundry.multiapps.controller.persistence.services.ProcessLogger########flowable-async-job-executor-thread-9684###
[DetectDeployedMtaStep] Deployed MTA: {
  "metadata" : {
    "id" : "myworkflowapp",
    "version" : "0.0.1"
  },
  "applications" : [ ],
  "services" : [ {
    "name" : "workflow_mta",
    "metadata" : {
      "guid" : "6b04592a-f2dc-4b52-8d21-658e63096aef",
      "createdAt" : 1613771913000,
      "updatedAt" : 1613771913000,
      "url" : "/v2/service_instances/6b04592a-f2dc-4b52-8d21-658e63096aef"
    },
    "v3Metadata" : {
      "annotations" : {
        "mta_version" : "0.0.1",
        "mta_id" : "myworkflowapp",
        "mta_resource" : "{\"name\":\"workflow_mta\"}"
      },
      "labels" : {
        "mta_id" : "e6b2e00a177f80d127ff16402d0db025"
      }
    },
    "label" : "workflow",
    "plan" : "lite",
    "credentials" : "********",
    "tags" : [ ],
    "type" : "managed_service_instance",
    "lastOperation" : {
      "type" : "CREATE",
      "description" : "",
      "state" : "SUCCEEDED"
    },
    "resourceName" : "workflow_mta"
  } ]
}#

#2.0#2021 02 24 16:21:16.834#Z#INFO#com.sap.cloud.lm.sl.xs2.513db686-76bc-11eb-aafa-eeee0a893f1f.OPERATION.detectDeployedMtaTask#
######org.cloudfoundry.multiapps.controller.persistence.services.ProcessLogger########flowable-async-job-executor-thread-9684###
[DetectDeployedMtaStep] Detected deployed MTA with namespace "null", ID "myworkflowapp" and version "0.0.1"#

#2.0#2021 02 24 16:21:16.838#Z#DEBUG#com.sap.cloud.lm.sl.xs2.513db686-76bc-11eb-aafa-eeee0a893f1f.OPERATION.detectDeployedMtaTask#
######org.cloudfoundry.multiapps.controller.persistence.services.ProcessLogger########flowable-async-job-executor-thread-9684###
Step "Detect Deployed MTA" finished#

#2.0#2021 02 24 16:21:16.860#Z#DEBUG#com.sap.cloud.lm.sl.xs2.513db686-76bc-11eb-aafa-eeee0a893f1f.OPERATION.collectSystemParametersTask#
######org.cloudfoundry.multiapps.controller.persistence.services.ProcessLogger########flowable-async-job-executor-thread-9688###
[CollectSystemParametersStep] Executing task "collectSystemParametersTask" of process "513dddb6-76bc-11eb-aafa-eeee0a893f1f"...#

#2.0#2021 02 24 16:21:16.861#Z#DEBUG#com.sap.cloud.lm.sl.xs2.513db686-76bc-11eb-aafa-eeee0a893f1f.OPERATION.collectSystemParametersTask#
######org.cloudfoundry.multiapps.controller.persistence.services.ProcessLogger########flowable-async-job-executor-thread-9688###
[CollectSystemParametersStep] Collecting system parameters...#

#2.0#2021 02 24 16:21:16.861#Z#DEBUG#com.sap.cloud.lm.sl.xs2.513db686-76bc-11eb-aafa-eeee0a893f1f.OPERATION.collectSystemParametersTask#
######org.cloudfoundry.multiapps.controller.persistence.services.ProcessLogger########flowable-async-job-executor-thread-9688###
[CollectSystemParametersStep] Getting default domain...#

#2.0#2021 02 24 16:21:16.947#Z#DEBUG#com.sap.cloud.lm.sl.xs2.513db686-76bc-11eb-aafa-eeee0a893f1f.OPERATION.collectSystemParametersTask#
######org.cloudfoundry.multiapps.controller.persistence.services.ProcessLogger########flowable-async-job-executor-thread-9688###
[CollectSystemParametersStep] Default domain: cfapps.us10.hana.ondemand.com#

#2.0#2021 02 24 16:21:16.947#Z#DEBUG#com.sap.cloud.lm.sl.xs2.513db686-76bc-11eb-aafa-eeee0a893f1f.OPERATION.collectSystemParametersTask#
######org.cloudfoundry.multiapps.controller.persistence.services.ProcessLogger########flowable-async-job-executor-thread-9688###
[CollectSystemParametersStep] Checking for overwriting read-only parameters for mta with id: "myworkflowapp"#

#2.0#2021 02 24 16:21:16.948#Z#DEBUG#com.sap.cloud.lm.sl.xs2.513db686-76bc-11eb-aafa-eeee0a893f1f.OPERATION.collectSystemParametersTask#
######org.cloudfoundry.multiapps.controller.persistence.services.ProcessLogger########flowable-async-job-executor-thread-9688###
[CollectSystemParametersStep] No read-only parameters are overwritten#

#2.0#2021 02 24 16:21:16.966#Z#DEBUG#com.sap.cloud.lm.sl.xs2.513db686-76bc-11eb-aafa-eeee0a893f1f.OPERATION.collectSystemParametersTask#
######org.cloudfoundry.multiapps.controller.persistence.services.ProcessLogger########flowable-async-job-executor-thread-9688###
[CollectSystemParametersStep] Descriptor with system parameters: {
  "majorSchemaVersion" : 3,
  "schemaVersion" : "3.2.0",
  "id" : "myworkflowapp",
  "version" : "0.0.1",
  "modules" : [ {
    "majorSchemaVersion" : 3,
    "name" : "myworkflow",
    "type" : "com.sap.application.content",
    "path" : "myworkflow",
    "properties" : { },
    "parameters" : {
      "default-url" : "${protocol}://${default-uri}",
      "default-app-name" : "myworkflow",
      "generated-password" : "********",
      "default-uri" : "${host}.${domain}",
      "default-instances" : 1,
      "instances" : "${default-instances}",
      "default-host" : "697f88d1trial-dev-myworkflow",
      "app-name" : "${default-app-name}",
      "protocol" : "https",
      "domain" : "${default-domain}",
      "host" : "${default-host}",
      "generated-user" : "********",
      "timestamp" : "20210224162116"
    },
    "requiredDependencies" : [ {
      "majorSchemaVersion" : 3,
      "name" : "workflow_mta",
      "properties" : { },
      "parameters" : {
        "content-target" : true
      },
      "propertiesMetadata" : {
        "metadata" : { }
      },
      "parametersMetadata" : {
        "metadata" : { }
      }
    } ],
    "providedDependencies" : [ {
      "majorSchemaVersion" : 3,
      "name" : "myworkflow",
      "isPublic" : false,
      "properties" : { },
      "parameters" : { },
      "propertiesMetadata" : {
        "metadata" : { }
      },
      "parametersMetadata" : {
        "metadata" : { }
      }
    } ],
    "propertiesMetadata" : {
      "metadata" : { }
    },
    "parametersMetadata" : {
      "metadata" : { }
    },
    "hooks" : [ ]
  } ],
  "resources" : [ {
    "majorSchemaVersion" : 3,
    "name" : "workflow_mta",
    "type" : "org.cloudfoundry.managed-service",
    "properties" : { },
    "parameters" : {
      "generated-password" : "********",
      "service-name" : "${default-service-name}",
      "service-plan" : "lite",
      "service" : "workflow",
      "generated-user" : "********",
      "default-xsappname" : "workflow_mta",
      "type" : "managed-service",
      "default-service-name" : "workflow_mta",
      "default-container-name" : "697F88D1TRIAL_DEV_WORKFLOW_MTA"
    },
    "isActive" : true,
    "isOptional" : false,
    "propertiesMetadata" : {
      "metadata" : { }
    },
    "parametersMetadata" : {
      "metadata" : { }
    },
    "requiredDependencies" : [ ]
  } ],
  "parameters" : {
    "authorization-url" : "********",
    "org-guid" : "216add54-cf16-4d2b-bc0f-e7c77b2e29f6",
    "org" : "697f88d1trial",
    "deploy-target" : "697f88d1trial dev",
    "space" : "dev",
    "xs-api-url" : "https://api.cf.us10.hana.ondemand.com",
    "deploy-url" : "deploy-service.cfapps.us10.hana.ondemand.com",
    "xs-type" : "CF",
    "default-domain" : "cfapps.us10.hana.ondemand.com",
    "xs-auth-url" : "********",
    "space-guid" : "54dfbd4b-9a96-4ead-b7ef-a3ac79ab3fd9",
    "user" : "********",
    "controller-url" : "https://api.cf.us10.hana.ondemand.com"
  },
  "parametersMetadata" : {
    "metadata" : { }
  }
}#

#2.0#2021 02 24 16:21:16.967#Z#DEBUG#com.sap.cloud.lm.sl.xs2.513db686-76bc-11eb-aafa-eeee0a893f1f.OPERATION.collectSystemParametersTask#
######org.cloudfoundry.multiapps.controller.persistence.services.ProcessLogger########flowable-async-job-executor-thread-9688###
[CollectSystemParametersStep] Version rule: SAME_HIGHER#

#2.0#2021 02 24 16:21:16.968#Z#INFO#com.sap.cloud.lm.sl.xs2.513db686-76bc-11eb-aafa-eeee0a893f1f.OPERATION.collectSystemParametersTask#
######org.cloudfoundry.multiapps.controller.persistence.services.ProcessLogger########flowable-async-job-executor-thread-9688###
[CollectSystemParametersStep] Detected new MTA version: "0.0.1"#

#2.0#2021 02 24 16:21:16.971#Z#INFO#com.sap.cloud.lm.sl.xs2.513db686-76bc-11eb-aafa-eeee0a893f1f.OPERATION.collectSystemParametersTask#
######org.cloudfoundry.multiapps.controller.persistence.services.ProcessLogger########flowable-async-job-executor-thread-9688###
[CollectSystemParametersStep] Deployed MTA version: "0.0.1"#

#2.0#2021 02 24 16:21:16.975#Z#DEBUG#com.sap.cloud.lm.sl.xs2.513db686-76bc-11eb-aafa-eeee0a893f1f.OPERATION.collectSystemParametersTask#
######org.cloudfoundry.multiapps.controller.persistence.services.ProcessLogger########flowable-async-job-executor-thread-9688###
[CollectSystemParametersStep] MTA accepted for deployment#

#2.0#2021 02 24 16:21:16.975#Z#DEBUG#com.sap.cloud.lm.sl.xs2.513db686-76bc-11eb-aafa-eeee0a893f1f.OPERATION.collectSystemParametersTask#
######org.cloudfoundry.multiapps.controller.persistence.services.ProcessLogger########flowable-async-job-executor-thread-9688###
[CollectSystemParametersStep] System parameters collected#

#2.0#2021 02 24 16:21:16.975#Z#DEBUG#com.sap.cloud.lm.sl.xs2.513db686-76bc-11eb-aafa-eeee0a893f1f.OPERATION.collectSystemParametersTask#
######org.cloudfoundry.multiapps.controller.persistence.services.ProcessLogger########flowable-async-job-executor-thread-9688###
Step "Collect System Parameters" finished#

#2.0#2021 02 24 16:21:16.995#Z#DEBUG#com.sap.cloud.lm.sl.xs2.513db686-76bc-11eb-aafa-eeee0a893f1f.OPERATION.processDescriptorTask#
######org.cloudfoundry.multiapps.controller.persistence.services.ProcessLogger########flowable-async-job-executor-thread-9682###
[ProcessDescriptorStep] Executing task "processDescriptorTask" of process "513dddb6-76bc-11eb-aafa-eeee0a893f1f"...#

#2.0#2021 02 24 16:21:16.995#Z#DEBUG#com.sap.cloud.lm.sl.xs2.513db686-76bc-11eb-aafa-eeee0a893f1f.OPERATION.processDescriptorTask#
######org.cloudfoundry.multiapps.controller.persistence.services.ProcessLogger########flowable-async-job-executor-thread-9682###
[ProcessDescriptorStep] Resolving properties and parameters in merged descriptor...#

#2.0#2021 02 24 16:21:16.996#Z#DEBUG#com.sap.cloud.lm.sl.xs2.513db686-76bc-11eb-aafa-eeee0a893f1f.OPERATION.processDescriptorTask#
######org.cloudfoundry.multiapps.controller.persistence.services.ProcessLogger########flowable-async-job-executor-thread-9682###
[ProcessDescriptorStep] Subscriptions: [ ]#

#2.0#2021 02 24 16:21:16.997#Z#DEBUG#com.sap.cloud.lm.sl.xs2.513db686-76bc-11eb-aafa-eeee0a893f1f.OPERATION.processDescriptorTask#
######org.cloudfoundry.multiapps.controller.persistence.services.ProcessLogger########flowable-async-job-executor-thread-9682###
[ProcessDescriptorStep] MTA Modules: [myworkflow]#

#2.0#2021 02 24 16:21:16.997#Z#DEBUG#com.sap.cloud.lm.sl.xs2.513db686-76bc-11eb-aafa-eeee0a893f1f.OPERATION.processDescriptorTask#
######org.cloudfoundry.multiapps.controller.persistence.services.ProcessLogger########flowable-async-job-executor-thread-9682###
[ProcessDescriptorStep] Resolved deployment descriptor: {
  "majorSchemaVersion" : 3,
  "schemaVersion" : "3.2.0",
  "id" : "myworkflowapp",
  "version" : "0.0.1",
  "modules" : [ {
    "majorSchemaVersion" : 3,
    "name" : "myworkflow",
    "type" : "com.sap.application.content",
    "path" : "myworkflow",
    "properties" : { },
    "parameters" : {
      "default-url" : "https://697f88d1trial-dev-myworkflow.cfapps.us10.hana.ondemand.com",
      "default-app-name" : "myworkflow",
      "generated-password" : "********",
      "default-uri" : "697f88d1trial-dev-myworkflow.cfapps.us10.hana.ondemand.com",
      "default-instances" : 1,
      "instances" : 1,
      "default-host" : "697f88d1trial-dev-myworkflow",
      "app-name" : "myworkflow",
      "protocol" : "https",
      "domain" : "cfapps.us10.hana.ondemand.com",
      "host" : "697f88d1trial-dev-myworkflow",
      "generated-user" : "********",
      "timestamp" : "20210224162116"
    },
    "requiredDependencies" : [ {
      "majorSchemaVersion" : 3,
      "name" : "workflow_mta",
      "properties" : { },
      "parameters" : {
        "content-target" : true
      },
      "propertiesMetadata" : {
        "metadata" : { }
      },
      "parametersMetadata" : {
        "metadata" : { }
      }
    } ],
    "providedDependencies" : [ {
      "majorSchemaVersion" : 3,
      "name" : "myworkflow",
      "isPublic" : false,
      "properties" : { },
      "parameters" : { },
      "propertiesMetadata" : {
        "metadata" : { }
      },
      "parametersMetadata" : {
        "metadata" : { }
      }
    } ],
    "propertiesMetadata" : {
      "metadata" : { }
    },
    "parametersMetadata" : {
      "metadata" : { }
    },
    "hooks" : [ ]
  } ],
  "resources" : [ {
    "majorSchemaVersion" : 3,
    "name" : "workflow_mta",
    "type" : "org.cloudfoundry.managed-service",
    "properties" : { },
    "parameters" : {
      "generated-password" : "********",
      "service-name" : "workflow_mta",
      "service-plan" : "lite",
      "service" : "workflow",
      "generated-user" : "********",
      "default-xsappname" : "workflow_mta",
      "type" : "managed-service",
      "default-service-name" : "workflow_mta",
      "default-container-name" : "697F88D1TRIAL_DEV_WORKFLOW_MTA"
    },
    "isActive" : true,
    "isOptional" : false,
    "propertiesMetadata" : {
      "metadata" : { }
    },
    "parametersMetadata" : {
      "metadata" : { }
    },
    "requiredDependencies" : [ ]
  } ],
  "parameters" : {
    "authorization-url" : "********",
    "org-guid" : "216add54-cf16-4d2b-bc0f-e7c77b2e29f6",
    "org" : "697f88d1trial",
    "deploy-target" : "697f88d1trial dev",
    "space" : "dev",
    "xs-api-url" : "https://api.cf.us10.hana.ondemand.com",
    "deploy-url" : "deploy-service.cfapps.us10.hana.ondemand.com",
    "xs-type" : "CF",
    "default-domain" : "cfapps.us10.hana.ondemand.com",
    "xs-auth-url" : "********",
    "space-guid" : "54dfbd4b-9a96-4ead-b7ef-a3ac79ab3fd9",
    "user" : "********",
    "controller-url" : "https://api.cf.us10.hana.ondemand.com"
  },
  "parametersMetadata" : {
    "metadata" : { }
  }
}#

#2.0#2021 02 24 16:21:16.997#Z#DEBUG#com.sap.cloud.lm.sl.xs2.513db686-76bc-11eb-aafa-eeee0a893f1f.OPERATION.processDescriptorTask#
######org.cloudfoundry.multiapps.controller.persistence.services.ProcessLogger########flowable-async-job-executor-thread-9682###
[ProcessDescriptorStep] Merged descriptor properties and parameters resolved#

#2.0#2021 02 24 16:21:16.998#Z#DEBUG#com.sap.cloud.lm.sl.xs2.513db686-76bc-11eb-aafa-eeee0a893f1f.OPERATION.processDescriptorTask#
######org.cloudfoundry.multiapps.controller.persistence.services.ProcessLogger########flowable-async-job-executor-thread-9682###
Step "Process Descriptor Step" finished#

#2.0#2021 02 24 16:21:17.018#Z#DEBUG#com.sap.cloud.lm.sl.xs2.513db686-76bc-11eb-aafa-eeee0a893f1f.OPERATION.buildDeployModelTask#
######org.cloudfoundry.multiapps.controller.persistence.services.ProcessLogger########flowable-async-job-executor-thread-9685###
[BuildCloudDeployModelStep] Executing task "buildDeployModelTask" of process "513dddb6-76bc-11eb-aafa-eeee0a893f1f"...#

#2.0#2021 02 24 16:21:17.019#Z#DEBUG#com.sap.cloud.lm.sl.xs2.513db686-76bc-11eb-aafa-eeee0a893f1f.OPERATION.buildDeployModelTask#
######org.cloudfoundry.multiapps.controller.persistence.services.ProcessLogger########flowable-async-job-executor-thread-9685###
[BuildCloudDeployModelStep] Building cloud deployment model...#

#2.0#2021 02 24 16:21:17.020#Z#DEBUG#com.sap.cloud.lm.sl.xs2.513db686-76bc-11eb-aafa-eeee0a893f1f.OPERATION.buildDeployModelTask#
######org.cloudfoundry.multiapps.controller.persistence.services.ProcessLogger########flowable-async-job-executor-thread-9685###
[BuildCloudDeployModelStep] MTA archive modules: [myworkflow]#

#2.0#2021 02 24 16:21:17.020#Z#DEBUG#com.sap.cloud.lm.sl.xs2.513db686-76bc-11eb-aafa-eeee0a893f1f.OPERATION.buildDeployModelTask#
######org.cloudfoundry.multiapps.controller.persistence.services.ProcessLogger########flowable-async-job-executor-thread-9685###
[BuildCloudDeployModelStep] Deployed modules: []#

#2.0#2021 02 24 16:21:17.021#Z#DEBUG#com.sap.cloud.lm.sl.xs2.513db686-76bc-11eb-aafa-eeee0a893f1f.OPERATION.buildDeployModelTask#
######org.cloudfoundry.multiapps.controller.persistence.services.ProcessLogger########flowable-async-job-executor-thread-9685###
[BuildCloudDeployModelStep] MTA modules: [myworkflow]#

#2.0#2021 02 24 16:21:17.021#Z#DEBUG#com.sap.cloud.lm.sl.xs2.513db686-76bc-11eb-aafa-eeee0a893f1f.OPERATION.buildDeployModelTask#
######org.cloudfoundry.multiapps.controller.persistence.services.ProcessLogger########flowable-async-job-executor-thread-9685###
[BuildCloudDeployModelStep] Service keys to create: {
  "workflow_mta" : [ ]
}#

#2.0#2021 02 24 16:21:17.022#Z#DEBUG#com.sap.cloud.lm.sl.xs2.513db686-76bc-11eb-aafa-eeee0a893f1f.OPERATION.buildDeployModelTask#
######org.cloudfoundry.multiapps.controller.persistence.services.ProcessLogger########flowable-async-job-executor-thread-9685###
[BuildCloudDeployModelStep] Modules to deploy: [{
  "majorSchemaVersion" : 3,
  "name" : "myworkflow",
  "type" : "com.sap.application.content",
  "path" : "myworkflow",
  "properties" : { },
  "parameters" : {
    "default-url" : "https://697f88d1trial-dev-myworkflow.cfapps.us10.hana.ondemand.com",
    "default-app-name" : "myworkflow",
    "generated-password" : "********",
    "default-uri" : "697f88d1trial-dev-myworkflow.cfapps.us10.hana.ondemand.com",
    "default-instances" : 1,
    "instances" : 1,
    "default-host" : "697f88d1trial-dev-myworkflow",
    "app-name" : "myworkflow",
    "protocol" : "https",
    "dependency-type" : "soft",
    "domain" : "cfapps.us10.hana.ondemand.com",
    "host" : "697f88d1trial-dev-myworkflow",
    "generated-user" : "********",
    "timestamp" : "20210224162116"
  },
  "requiredDependencies" : [ {
    "majorSchemaVersion" : 3,
    "name" : "workflow_mta",
    "properties" : { },
    "parameters" : {
      "content-target" : true
    },
    "propertiesMetadata" : {
      "metadata" : { }
    },
    "parametersMetadata" : {
      "metadata" : { }
    }
  } ],
  "providedDependencies" : [ {
    "majorSchemaVersion" : 3,
    "name" : "myworkflow",
    "isPublic" : false,
    "properties" : { },
    "parameters" : { },
    "propertiesMetadata" : {
      "metadata" : { }
    },
    "parametersMetadata" : {
      "metadata" : { }
    }
  } ],
  "propertiesMetadata" : {
    "metadata" : { }
  },
  "parametersMetadata" : {
    "metadata" : { }
  },
  "hooks" : [ ]
}]#

#2.0#2021 02 24 16:21:17.022#Z#DEBUG#com.sap.cloud.lm.sl.xs2.513db686-76bc-11eb-aafa-eeee0a893f1f.OPERATION.buildDeployModelTask#
######org.cloudfoundry.multiapps.controller.persistence.services.ProcessLogger########flowable-async-job-executor-thread-9685###
[BuildCloudDeployModelStep] Custom domains: []#

#2.0#2021 02 24 16:21:17.023#Z#DEBUG#com.sap.cloud.lm.sl.xs2.513db686-76bc-11eb-aafa-eeee0a893f1f.OPERATION.buildDeployModelTask#
######org.cloudfoundry.multiapps.controller.persistence.services.ProcessLogger########flowable-async-job-executor-thread-9685###
[BuildCloudDeployModelStep] Services to create: [ {
  "isOptional" : false,
  "isManaged" : true,
  "name" : "workflow_mta",
  "v3Metadata" : {
    "annotations" : {
      "mta_id" : "myworkflowapp",
      "mta_version" : "0.0.1",
      "mta_resource" : "{\"name\":\"workflow_mta\"}"
    },
    "labels" : {
      "mta_id" : "e6b2e00a177f80d127ff16402d0db025"
    }
  },
  "label" : "workflow",
  "plan" : "lite",
  "credentials" : "********",
  "tags" : [ ],
  "type" : "managed_service_instance",
  "alternativeLabels" : [ ],
  "resourceName" : "workflow_mta",
  "shouldSkipParametersUpdate" : false,
  "shouldSkipPlanUpdate" : false,
  "shouldSkipTagsUpdate" : false
} ]#

#2.0#2021 02 24 16:21:17.023#Z#DEBUG#com.sap.cloud.lm.sl.xs2.513db686-76bc-11eb-aafa-eeee0a893f1f.OPERATION.buildDeployModelTask#
######org.cloudfoundry.multiapps.controller.persistence.services.ProcessLogger########flowable-async-job-executor-thread-9685###
[BuildCloudDeployModelStep] Cloud deployment model built#

#2.0#2021 02 24 16:21:17.023#Z#DEBUG#com.sap.cloud.lm.sl.xs2.513db686-76bc-11eb-aafa-eeee0a893f1f.OPERATION.buildDeployModelTask#
######org.cloudfoundry.multiapps.controller.persistence.services.ProcessLogger########flowable-async-job-executor-thread-9685###
Step "Build Deploy Model" finished#

#2.0#2021 02 24 16:21:17.047#Z#DEBUG#com.sap.cloud.lm.sl.xs2.513db686-76bc-11eb-aafa-eeee0a893f1f.OPERATION.buildUndeployModelTask#
######org.cloudfoundry.multiapps.controller.persistence.services.ProcessLogger########flowable-async-job-executor-thread-9686###
[BuildCloudUndeployModelStep] Executing task "buildUndeployModelTask" of process "513dddb6-76bc-11eb-aafa-eeee0a893f1f"...#

#2.0#2021 02 24 16:21:17.048#Z#DEBUG#com.sap.cloud.lm.sl.xs2.513db686-76bc-11eb-aafa-eeee0a893f1f.OPERATION.buildUndeployModelTask#
######org.cloudfoundry.multiapps.controller.persistence.services.ProcessLogger########flowable-async-job-executor-thread-9686###
[BuildCloudUndeployModelStep] Building cloud undeployment model...#

#2.0#2021 02 24 16:21:17.051#Z#DEBUG#com.sap.cloud.lm.sl.xs2.513db686-76bc-11eb-aafa-eeee0a893f1f.OPERATION.buildUndeployModelTask#
######org.cloudfoundry.multiapps.controller.persistence.services.ProcessLogger########flowable-async-job-executor-thread-9686###
[BuildCloudUndeployModelStep] MTA modules: [myworkflow]#

#2.0#2021 02 24 16:21:17.051#Z#DEBUG#com.sap.cloud.lm.sl.xs2.513db686-76bc-11eb-aafa-eeee0a893f1f.OPERATION.buildUndeployModelTask#
######org.cloudfoundry.multiapps.controller.persistence.services.ProcessLogger########flowable-async-job-executor-thread-9686###
[BuildCloudUndeployModelStep] Modules to undeploy: [ ]#

#2.0#2021 02 24 16:21:17.051#Z#DEBUG#com.sap.cloud.lm.sl.xs2.513db686-76bc-11eb-aafa-eeee0a893f1f.OPERATION.buildUndeployModelTask#
######org.cloudfoundry.multiapps.controller.persistence.services.ProcessLogger########flowable-async-job-executor-thread-9686###
[BuildCloudUndeployModelStep] Modules that wont be changed: {0}#

#2.0#2021 02 24 16:21:17.052#Z#DEBUG#com.sap.cloud.lm.sl.xs2.513db686-76bc-11eb-aafa-eeee0a893f1f.OPERATION.buildUndeployModelTask#
######org.cloudfoundry.multiapps.controller.persistence.services.ProcessLogger########flowable-async-job-executor-thread-9686###
[BuildCloudUndeployModelStep] Subscriptions to delete: [ ]#

#2.0#2021 02 24 16:21:17.053#Z#DEBUG#com.sap.cloud.lm.sl.xs2.513db686-76bc-11eb-aafa-eeee0a893f1f.OPERATION.buildUndeployModelTask#
######org.cloudfoundry.multiapps.controller.persistence.services.ProcessLogger########flowable-async-job-executor-thread-9686###
[BuildCloudUndeployModelStep] Cloud services to delete: []#

#2.0#2021 02 24 16:21:17.053#Z#DEBUG#com.sap.cloud.lm.sl.xs2.513db686-76bc-11eb-aafa-eeee0a893f1f.OPERATION.buildUndeployModelTask#
######org.cloudfoundry.multiapps.controller.persistence.services.ProcessLogger########flowable-async-job-executor-thread-9686###
[BuildCloudUndeployModelStep] Cloud applications to undeploy: [ ]#

#2.0#2021 02 24 16:21:17.054#Z#DEBUG#com.sap.cloud.lm.sl.xs2.513db686-76bc-11eb-aafa-eeee0a893f1f.OPERATION.buildUndeployModelTask#
######org.cloudfoundry.multiapps.controller.persistence.services.ProcessLogger########flowable-async-job-executor-thread-9686###
[BuildCloudUndeployModelStep] Cloud undeployment model built#

#2.0#2021 02 24 16:21:17.055#Z#DEBUG#com.sap.cloud.lm.sl.xs2.513db686-76bc-11eb-aafa-eeee0a893f1f.OPERATION.buildUndeployModelTask#
######org.cloudfoundry.multiapps.controller.persistence.services.ProcessLogger########flowable-async-job-executor-thread-9686###
Step "Build Undeploy Model" finished#

#2.0#2021 02 24 16:21:17.077#Z#DEBUG#com.sap.cloud.lm.sl.xs2.513db686-76bc-11eb-aafa-eeee0a893f1f.OPERATION.addDomainsTask#
######org.cloudfoundry.multiapps.controller.persistence.services.ProcessLogger########flowable-async-job-executor-thread-9687###
[AddDomainsStep] Executing task "addDomainsTask" of process "513dddb6-76bc-11eb-aafa-eeee0a893f1f"...#

#2.0#2021 02 24 16:21:17.079#Z#DEBUG#com.sap.cloud.lm.sl.xs2.513db686-76bc-11eb-aafa-eeee0a893f1f.OPERATION.addDomainsTask#
######org.cloudfoundry.multiapps.controller.persistence.services.ProcessLogger########flowable-async-job-executor-thread-9687###
[AddDomainsStep] Custom domains: []#

#2.0#2021 02 24 16:21:17.079#Z#DEBUG#com.sap.cloud.lm.sl.xs2.513db686-76bc-11eb-aafa-eeee0a893f1f.OPERATION.addDomainsTask#
######org.cloudfoundry.multiapps.controller.persistence.services.ProcessLogger########flowable-async-job-executor-thread-9687###
Step "Add Domains" finished#

#2.0#2021 02 24 16:21:17.127#Z#DEBUG#com.sap.cloud.lm.sl.xs2.513db686-76bc-11eb-aafa-eeee0a893f1f.OPERATION.CheckServiceOperationStateTask#
######org.cloudfoundry.multiapps.controller.persistence.services.ProcessLogger########flowable-async-job-executor-thread-9683###
[CheckServiceOperationStateStep] Executing task "CheckServiceOperationStateTask" of process "524429a9-76bc-11eb-aafa-eeee0a893f1f"...#

#2.0#2021 02 24 16:21:17.127#Z#DEBUG#com.sap.cloud.lm.sl.xs2.513db686-76bc-11eb-aafa-eeee0a893f1f.OPERATION.CheckServiceOperationStateTask#
######org.cloudfoundry.multiapps.controller.persistence.services.ProcessLogger########flowable-async-job-executor-thread-9683###
[CheckServiceOperationStateStep] Getting service instance "workflow_mta"...#

#2.0#2021 02 24 16:21:17.954#Z#DEBUG#com.sap.cloud.lm.sl.xs2.513db686-76bc-11eb-aafa-eeee0a893f1f.OPERATION.CheckServiceOperationStateTask#
######org.cloudfoundry.multiapps.controller.persistence.services.ProcessLogger########flowable-async-job-executor-thread-9683###
Step "Check for service operations in Progress" finished#

#2.0#2021 02 24 16:21:17.975#Z#DEBUG#com.sap.cloud.lm.sl.xs2.513db686-76bc-11eb-aafa-eeee0a893f1f.OPERATION.DetermineServiceCreateUpdateActionsTask#
######org.cloudfoundry.multiapps.controller.persistence.services.ProcessLogger########flowable-async-job-executor-thread-9684###
[DetermineServiceCreateUpdateServiceActionsStep] Executing task "DetermineServiceCreateUpdateActionsTask" of process "524429a9-76bc-11eb-aafa-eeee0a893f1f"...#

#2.0#2021 02 24 16:21:17.976#Z#INFO#com.sap.cloud.lm.sl.xs2.513db686-76bc-11eb-aafa-eeee0a893f1f.OPERATION.DetermineServiceCreateUpdateActionsTask#
######org.cloudfoundry.multiapps.controller.persistence.services.ProcessLogger########flowable-async-job-executor-thread-9684###
[DetermineServiceCreateUpdateServiceActionsStep] Processing service "workflow_mta"...#

#2.0#2021 02 24 16:21:17.978#Z#DEBUG#com.sap.cloud.lm.sl.xs2.513db686-76bc-11eb-aafa-eeee0a893f1f.OPERATION.DetermineServiceCreateUpdateActionsTask#
######org.cloudfoundry.multiapps.controller.persistence.services.ProcessLogger########flowable-async-job-executor-thread-9684###
[DetermineServiceCreateUpdateServiceActionsStep] Getting service instance "workflow_mta"...#

#2.0#2021 02 24 16:21:18.745#Z#DEBUG#com.sap.cloud.lm.sl.xs2.513db686-76bc-11eb-aafa-eeee0a893f1f.OPERATION.DetermineServiceCreateUpdateActionsTask#
######org.cloudfoundry.multiapps.controller.persistence.services.ProcessLogger########flowable-async-job-executor-thread-9684###
[DetermineServiceCreateUpdateServiceActionsStep] Existing service: {
  "name" : "workflow_mta",
  "metadata" : {
    "guid" : "6b04592a-f2dc-4b52-8d21-658e63096aef",
    "createdAt" : 1613771913000,
    "updatedAt" : 1613771913000,
    "url" : "/v2/service_instances/6b04592a-f2dc-4b52-8d21-658e63096aef"
  },
  "v3Metadata" : {
    "annotations" : {
      "mta_version" : "0.0.1",
      "mta_id" : "myworkflowapp",
      "mta_resource" : "{\"name\":\"workflow_mta\"}"
    },
    "labels" : {
      "mta_id" : "e6b2e00a177f80d127ff16402d0db025"
    }
  },
  "label" : "workflow",
  "plan" : "lite",
  "credentials" : "********",
  "tags" : [ ],
  "type" : "managed_service_instance",
  "lastOperation" : {
    "type" : "CREATE",
    "description" : "",
    "state" : "SUCCEEDED"
  }
}#

#2.0#2021 02 24 16:21:18.745#Z#DEBUG#com.sap.cloud.lm.sl.xs2.513db686-76bc-11eb-aafa-eeee0a893f1f.OPERATION.DetermineServiceCreateUpdateActionsTask#
######org.cloudfoundry.multiapps.controller.persistence.services.ProcessLogger########flowable-async-job-executor-thread-9684###
[DetermineServiceCreateUpdateServiceActionsStep] Getting parameters of service instance "6b04592a-f2dc-4b52-8d21-658e63096aef"...#

#2.0#2021 02 24 16:21:19.291#Z#DEBUG#com.sap.cloud.lm.sl.xs2.513db686-76bc-11eb-aafa-eeee0a893f1f.OPERATION.DetermineServiceCreateUpdateActionsTask#
######org.cloudfoundry.multiapps.controller.persistence.services.ProcessLogger########flowable-async-job-executor-thread-9684###
[DetermineServiceCreateUpdateServiceActionsStep] Existing service parameters: { }#

#2.0#2021 02 24 16:21:19.292#Z#DEBUG#com.sap.cloud.lm.sl.xs2.513db686-76bc-11eb-aafa-eeee0a893f1f.OPERATION.DetermineServiceCreateUpdateActionsTask#
######org.cloudfoundry.multiapps.controller.persistence.services.ProcessLogger########flowable-async-job-executor-thread-9684###
Step "Determine update actions" finished#

#2.0#2021 02 24 16:21:19.380#Z#DEBUG#com.sap.cloud.lm.sl.xs2.513db686-76bc-11eb-aafa-eeee0a893f1f.OPERATION.prepareModulesDeploymentTask#
######org.cloudfoundry.multiapps.controller.persistence.services.ProcessLogger########flowable-async-job-executor-thread-9688###
[PrepareModulesDeploymentStep] Executing task "prepareModulesDeploymentTask" of process "539a920c-76bc-11eb-aafa-eeee0a893f1f"...#

#2.0#2021 02 24 16:21:19.381#Z#DEBUG#com.sap.cloud.lm.sl.xs2.513db686-76bc-11eb-aafa-eeee0a893f1f.OPERATION.prepareModulesDeploymentTask#
######org.cloudfoundry.multiapps.controller.persistence.services.ProcessLogger########flowable-async-job-executor-thread-9688###
[PrepareModulesDeploymentStep] Preparing modules deployment...#

#2.0#2021 02 24 16:21:19.385#Z#DEBUG#com.sap.cloud.lm.sl.xs2.513db686-76bc-11eb-aafa-eeee0a893f1f.OPERATION.prepareModulesDeploymentTask#
######org.cloudfoundry.multiapps.controller.persistence.services.ProcessLogger########flowable-async-job-executor-thread-9688###
Step "Prepare Modules Deployment" finished#

#2.0#2021 02 24 16:21:19.481#Z#DEBUG#com.sap.cloud.lm.sl.xs2.513db686-76bc-11eb-aafa-eeee0a893f1f.OPERATION.buildContentDeploymentConfigurationTask#
######org.cloudfoundry.multiapps.controller.persistence.services.ProcessLogger########flowable-async-job-executor-thread-9685###
[BuildContentDeploymentConfigurationStep] Executing task "buildContentDeploymentConfigurationTask" of process "53a6eda4-76bc-11eb-aafa-eeee0a893f1f"...#

#2.0#2021 02 24 16:21:19.482#Z#DEBUG#com.sap.cloud.lm.sl.xs2.513db686-76bc-11eb-aafa-eeee0a893f1f.OPERATION.buildContentDeploymentConfigurationTask#
######org.cloudfoundry.multiapps.controller.persistence.services.ProcessLogger########flowable-async-job-executor-thread-9685###
[BuildContentDeploymentConfigurationStep] Getting service keys for service instance "workflow_mta"...#

#2.0#2021 02 24 16:21:20.456#Z#INFO#com.sap.cloud.lm.sl.xs2.513db686-76bc-11eb-aafa-eeee0a893f1f.OPERATION.buildContentDeploymentConfigurationTask#
######org.cloudfoundry.multiapps.controller.persistence.services.ProcessLogger########flowable-async-job-executor-thread-9685###
[BuildContentDeploymentConfigurationStep] Service key "myworkflow-workflow_mta-credentials" for service "workflow_mta" already exists#

#2.0#2021 02 24 16:21:20.460#Z#DEBUG#com.sap.cloud.lm.sl.xs2.513db686-76bc-11eb-aafa-eeee0a893f1f.OPERATION.buildContentDeploymentConfigurationTask#
######org.cloudfoundry.multiapps.controller.persistence.services.ProcessLogger########flowable-async-job-executor-thread-9685###
Step "Build Content Deployment Configuration" finished#

#2.0#2021 02 24 16:21:20.463#Z#DEBUG#com.sap.cloud.lm.sl.xs2.513db686-76bc-11eb-aafa-eeee0a893f1f.OPERATION.createContentDeployClientConfigurationTask#
######org.cloudfoundry.multiapps.controller.persistence.services.ProcessLogger########flowable-async-job-executor-thread-9685###
[CreateContentDeployClientConfigurationStep] Executing task "createContentDeployClientConfigurationTask" of process "54446639-76bc-11eb-aafa-eeee0a893f1f"...#

#2.0#2021 02 24 16:21:20.464#Z#DEBUG#com.sap.cloud.lm.sl.xs2.513db686-76bc-11eb-aafa-eeee0a893f1f.OPERATION.createContentDeployClientConfigurationTask#
######org.cloudfoundry.multiapps.controller.persistence.services.ProcessLogger########flowable-async-job-executor-thread-9685###
[CreateContentDeployClientConfigurationStep] Content deployer client configuration: {
  "contentDeployerUrl" : "https://api.workflow-sap.cfapps.us10.hana.ondemand.com/workflow-deploy/rest/internal/v1",
  "uaaClientConfiguration" : {
    "url" : "********",
    "credentials" : "********"
  },
  "httpRequestHeaders" : {
    "X-CorrelationID" : "513db686-76bc-11eb-aafa-eeee0a893f1f"
  }
}#

#2.0#2021 02 24 16:21:20.754#Z#DEBUG#com.sap.cloud.lm.sl.xs2.513db686-76bc-11eb-aafa-eeee0a893f1f.OPERATION.createContentDeployClientConfigurationTask#
######org.cloudfoundry.multiapps.controller.persistence.services.ProcessLogger########flowable-async-job-executor-thread-9685###
Step "Create Content Deploy Client Configuration" finished#

#2.0#2021 02 24 16:21:20.755#Z#DEBUG#com.sap.cloud.lm.sl.xs2.513db686-76bc-11eb-aafa-eeee0a893f1f.OPERATION.getContentFromDeploymentDescriptorTask#
######org.cloudfoundry.multiapps.controller.persistence.services.ProcessLogger########flowable-async-job-executor-thread-9685###
[GetContentFromDeploymentDescriptorStep] Executing task "getContentFromDeploymentDescriptorTask" of process "54446639-76bc-11eb-aafa-eeee0a893f1f"...#

#2.0#2021 02 24 16:21:20.756#Z#DEBUG#com.sap.cloud.lm.sl.xs2.513db686-76bc-11eb-aafa-eeee0a893f1f.OPERATION.getContentFromDeploymentDescriptorTask#
######org.cloudfoundry.multiapps.controller.persistence.services.ProcessLogger########flowable-async-job-executor-thread-9685###
Step "Get Content From Deployment Descriptor" finished#

#2.0#2021 02 24 16:21:20.757#Z#DEBUG#com.sap.cloud.lm.sl.xs2.513db686-76bc-11eb-aafa-eeee0a893f1f.OPERATION.uploadContentTask#
######org.cloudfoundry.multiapps.controller.persistence.services.ProcessLogger########flowable-async-job-executor-thread-9685###
[UploadContentStep] Executing task "uploadContentTask" of process "54446639-76bc-11eb-aafa-eeee0a893f1f"...#

#2.0#2021 02 24 16:21:20.757#Z#INFO#com.sap.cloud.lm.sl.xs2.513db686-76bc-11eb-aafa-eeee0a893f1f.OPERATION.uploadContentTask#
######org.cloudfoundry.multiapps.controller.persistence.services.ProcessLogger########flowable-async-job-executor-thread-9685###
[UploadContentStep] Uploading content module "myworkflow" in target service "workflow_mta"...#

#2.0#2021 02 24 16:21:20.760#Z#DEBUG#com.sap.cloud.lm.sl.xs2.513db686-76bc-11eb-aafa-eeee0a893f1f.OPERATION.uploadContentTask#
######org.cloudfoundry.multiapps.controller.persistence.services.ProcessLogger########flowable-async-job-executor-thread-9685###
[UploadContentStep] Uploading file "myworkflow/data.zip" for content module "myworkflow" in service "workflow_mta"#

#2.0#2021 02 24 16:21:21.430#Z#DEBUG#com.sap.cloud.lm.sl.xs2.513db686-76bc-11eb-aafa-eeee0a893f1f.OPERATION.uploadContentTask#
######org.cloudfoundry.multiapps.controller.persistence.services.ProcessLogger########flowable-async-job-executor-thread-9685###
[UploadContentStep] Uploaded content: {
  "id" : "54d50d40-76bc-11eb-b757-31189f62c270",
  "name" : "15254496551474703108.zip",
  "contentType" : "FILE"
}#

#2.0#2021 02 24 16:21:21.432#Z#DEBUG#com.sap.cloud.lm.sl.xs2.513db686-76bc-11eb-aafa-eeee0a893f1f.OPERATION.uploadContentTask#
######org.cloudfoundry.multiapps.controller.persistence.services.ProcessLogger########flowable-async-job-executor-thread-9685###
Step "Upload Content" finished#

#2.0#2021 02 24 16:21:21.432#Z#DEBUG#com.sap.cloud.lm.sl.xs2.513db686-76bc-11eb-aafa-eeee0a893f1f.OPERATION.startContentDeployTask#
######org.cloudfoundry.multiapps.controller.persistence.services.ProcessLogger########flowable-async-job-executor-thread-9685###
[StartContentDeployStep] Executing task "startContentDeployTask" of process "54446639-76bc-11eb-aafa-eeee0a893f1f"...#

#2.0#2021 02 24 16:21:21.432#Z#INFO#com.sap.cloud.lm.sl.xs2.513db686-76bc-11eb-aafa-eeee0a893f1f.OPERATION.startContentDeployTask#
######org.cloudfoundry.multiapps.controller.persistence.services.ProcessLogger########flowable-async-job-executor-thread-9685###
[StartContentDeployStep] Deploying content module "myworkflow" in target service "workflow_mta"...#

#2.0#2021 02 24 16:21:21.693#Z#DEBUG#com.sap.cloud.lm.sl.xs2.513db686-76bc-11eb-aafa-eeee0a893f1f.OPERATION.startContentDeployTask#
######org.cloudfoundry.multiapps.controller.persistence.services.ProcessLogger########flowable-async-job-executor-thread-9685###
Step "Start Content Deploy" finished#

#2.0#2021 02 24 16:21:34.405#Z#DEBUG#com.sap.cloud.lm.sl.xs2.513db686-76bc-11eb-aafa-eeee0a893f1f.OPERATION.startContentDeployTask#
######org.cloudfoundry.multiapps.controller.persistence.services.ProcessLogger########flowable-async-job-executor-thread-9689###
[StartContentDeployStep] Executing task "startContentDeployTask" of process "54446639-76bc-11eb-aafa-eeee0a893f1f"...#

#2.0#2021 02 24 16:21:34.406#Z#DEBUG#com.sap.cloud.lm.sl.xs2.513db686-76bc-11eb-aafa-eeee0a893f1f.OPERATION.startContentDeployTask#
######org.cloudfoundry.multiapps.controller.persistence.services.ProcessLogger########flowable-async-job-executor-thread-9689###
[StartContentDeployStep] Checking status of module content deployment "myworkflow" in service "workflow_mta"...#

#2.0#2021 02 24 16:21:34.934#Z#DEBUG#com.sap.cloud.lm.sl.xs2.513db686-76bc-11eb-aafa-eeee0a893f1f.OPERATION.startContentDeployTask#
######org.cloudfoundry.multiapps.controller.persistence.services.ProcessLogger########flowable-async-job-executor-thread-9689###
[StartContentDeployStep] Deleting content deployment resource "54fd55c2-76bc-11eb-b757-5363bf8da757"...#

#2.0#2021 02 24 16:21:35.018#Z#DEBUG#com.sap.cloud.lm.sl.xs2.513db686-76bc-11eb-aafa-eeee0a893f1f.OPERATION.startContentDeployTask#
######org.cloudfoundry.multiapps.controller.persistence.services.ProcessLogger########flowable-async-job-executor-thread-9689###
Step "Start Content Deploy" finished#

#2.0#2021 02 24 16:21:35.178#Z#DEBUG#com.sap.cloud.lm.sl.xs2.513db686-76bc-11eb-aafa-eeee0a893f1f.OPERATION.createSubscriptionsTask#
######org.cloudfoundry.multiapps.controller.persistence.services.ProcessLogger########flowable-async-job-executor-thread-9692###
[CreateSubscriptionsStep] Executing task "createSubscriptionsTask" of process "5cf9b582-76bc-11eb-aafa-eeee0a893f1f"...#

#2.0#2021 02 24 16:21:35.178#Z#DEBUG#com.sap.cloud.lm.sl.xs2.513db686-76bc-11eb-aafa-eeee0a893f1f.OPERATION.createSubscriptionsTask#
######org.cloudfoundry.multiapps.controller.persistence.services.ProcessLogger########flowable-async-job-executor-thread-9692###
[CreateSubscriptionsStep] Creating subscriptions...#

#2.0#2021 02 24 16:21:35.179#Z#DEBUG#com.sap.cloud.lm.sl.xs2.513db686-76bc-11eb-aafa-eeee0a893f1f.OPERATION.createSubscriptionsTask#
######org.cloudfoundry.multiapps.controller.persistence.services.ProcessLogger########flowable-async-job-executor-thread-9692###
[CreateSubscriptionsStep] Subscriptions created#

#2.0#2021 02 24 16:21:35.180#Z#DEBUG#com.sap.cloud.lm.sl.xs2.513db686-76bc-11eb-aafa-eeee0a893f1f.OPERATION.createSubscriptionsTask#
######org.cloudfoundry.multiapps.controller.persistence.services.ProcessLogger########flowable-async-job-executor-thread-9692###
Step "Create Subscriptions" finished#

#2.0#2021 02 24 16:21:35.200#Z#DEBUG#com.sap.cloud.lm.sl.xs2.513db686-76bc-11eb-aafa-eeee0a893f1f.OPERATION.deleteSubscriptionsTask#
######org.cloudfoundry.multiapps.controller.persistence.services.ProcessLogger########flowable-async-job-executor-thread-9693###
[DeleteSubscriptionsStep] Executing task "deleteSubscriptionsTask" of process "5cf9b582-76bc-11eb-aafa-eeee0a893f1f"...#

#2.0#2021 02 24 16:21:35.201#Z#DEBUG#com.sap.cloud.lm.sl.xs2.513db686-76bc-11eb-aafa-eeee0a893f1f.OPERATION.deleteSubscriptionsTask#
######org.cloudfoundry.multiapps.controller.persistence.services.ProcessLogger########flowable-async-job-executor-thread-9693###
[DeleteSubscriptionsStep] Deleting discontinued subscriptions...#

#2.0#2021 02 24 16:21:35.201#Z#DEBUG#com.sap.cloud.lm.sl.xs2.513db686-76bc-11eb-aafa-eeee0a893f1f.OPERATION.deleteSubscriptionsTask#
######org.cloudfoundry.multiapps.controller.persistence.services.ProcessLogger########flowable-async-job-executor-thread-9693###
[DeleteSubscriptionsStep] Subscriptions to delete: [ ]#

#2.0#2021 02 24 16:21:35.201#Z#DEBUG#com.sap.cloud.lm.sl.xs2.513db686-76bc-11eb-aafa-eeee0a893f1f.OPERATION.deleteSubscriptionsTask#
######org.cloudfoundry.multiapps.controller.persistence.services.ProcessLogger########flowable-async-job-executor-thread-9693###
[DeleteSubscriptionsStep] Deleted discontinued subscriptions#

#2.0#2021 02 24 16:21:35.202#Z#DEBUG#com.sap.cloud.lm.sl.xs2.513db686-76bc-11eb-aafa-eeee0a893f1f.OPERATION.deleteSubscriptionsTask#
######org.cloudfoundry.multiapps.controller.persistence.services.ProcessLogger########flowable-async-job-executor-thread-9693###
Step "Delete Subscriptions" finished#

#2.0#2021 02 24 16:21:35.226#Z#DEBUG#com.sap.cloud.lm.sl.xs2.513db686-76bc-11eb-aafa-eeee0a893f1f.OPERATION.deleteDiscontinuedConfigurationEntriesTask#
######org.cloudfoundry.multiapps.controller.persistence.services.ProcessLogger########flowable-async-job-executor-thread-9694###
[DeleteDiscontinuedConfigurationEntriesStep] Executing task "deleteDiscontinuedConfigurationEntriesTask" of process "5cf9b582-76bc-11eb-aafa-eeee0a893f1f"...#

#2.0#2021 02 24 16:21:35.227#Z#DEBUG#com.sap.cloud.lm.sl.xs2.513db686-76bc-11eb-aafa-eeee0a893f1f.OPERATION.deleteDiscontinuedConfigurationEntriesTask#
######org.cloudfoundry.multiapps.controller.persistence.services.ProcessLogger########flowable-async-job-executor-thread-9694###
[DeleteDiscontinuedConfigurationEntriesStep] Deleting discontinued published dependencies...#

#2.0#2021 02 24 16:21:35.281#Z#DEBUG#com.sap.cloud.lm.sl.xs2.513db686-76bc-11eb-aafa-eeee0a893f1f.OPERATION.deleteDiscontinuedConfigurationEntriesTask#
######org.cloudfoundry.multiapps.controller.persistence.services.ProcessLogger########flowable-async-job-executor-thread-9694###
[DeleteDiscontinuedConfigurationEntriesStep] Deleted entries: [ ]#

#2.0#2021 02 24 16:21:35.281#Z#DEBUG#com.sap.cloud.lm.sl.xs2.513db686-76bc-11eb-aafa-eeee0a893f1f.OPERATION.deleteDiscontinuedConfigurationEntriesTask#
######org.cloudfoundry.multiapps.controller.persistence.services.ProcessLogger########flowable-async-job-executor-thread-9694###
[DeleteDiscontinuedConfigurationEntriesStep] Discontinued published dependencies deleted#

#2.0#2021 02 24 16:21:35.282#Z#DEBUG#com.sap.cloud.lm.sl.xs2.513db686-76bc-11eb-aafa-eeee0a893f1f.OPERATION.deleteDiscontinuedConfigurationEntriesTask#
######org.cloudfoundry.multiapps.controller.persistence.services.ProcessLogger########flowable-async-job-executor-thread-9694###
Step "Delete Discontinued Configuration Entries" finished#

#2.0#2021 02 24 16:21:35.287#Z#WARN#com.sap.cloud.lm.sl.xs2.513db686-76bc-11eb-aafa-eeee0a893f1f.OPERATION.deleteDiscontinuedConfigurationEntriesTask#
######org.cloudfoundry.multiapps.controller.persistence.services.ProcessLogger########flowable-async-job-executor-thread-9694###
[DoNotDeleteServicesListener] Skipping deletion of services, because the command line option "--delete-services" is not specified.#

#2.0#2021 02 24 16:21:35.317#Z#DEBUG#com.sap.cloud.lm.sl.xs2.513db686-76bc-11eb-aafa-eeee0a893f1f.OPERATION.detachServicesFromMtaTask#
######org.cloudfoundry.multiapps.controller.persistence.services.ProcessLogger########flowable-async-job-executor-thread-9695###
[DetachServicesFromMtaStep] Executing task "detachServicesFromMtaTask" of process "5d1a35e4-76bc-11eb-aafa-eeee0a893f1f"...#

#2.0#2021 02 24 16:21:35.318#Z#DEBUG#com.sap.cloud.lm.sl.xs2.513db686-76bc-11eb-aafa-eeee0a893f1f.OPERATION.detachServicesFromMtaTask#
######org.cloudfoundry.multiapps.controller.persistence.services.ProcessLogger########flowable-async-job-executor-thread-9695###
[DetachServicesFromMtaStep] Detaching services from MTA...#

#2.0#2021 02 24 16:21:35.318#Z#DEBUG#com.sap.cloud.lm.sl.xs2.513db686-76bc-11eb-aafa-eeee0a893f1f.OPERATION.detachServicesFromMtaTask#
######org.cloudfoundry.multiapps.controller.persistence.services.ProcessLogger########flowable-async-job-executor-thread-9695###
[DetachServicesFromMtaStep] Detached services from MTA#

#2.0#2021 02 24 16:21:35.319#Z#DEBUG#com.sap.cloud.lm.sl.xs2.513db686-76bc-11eb-aafa-eeee0a893f1f.OPERATION.detachServicesFromMtaTask#
######org.cloudfoundry.multiapps.controller.persistence.services.ProcessLogger########flowable-async-job-executor-thread-9695###
Step "Detach Services from MTA" finished#

#2.0#2021 02 24 16:21:35.342#Z#DEBUG#com.sap.cloud.lm.sl.xs2.513db686-76bc-11eb-aafa-eeee0a893f1f.OPERATION.updateSubscribersTask#
######org.cloudfoundry.multiapps.controller.persistence.services.ProcessLogger########flowable-async-job-executor-thread-9696###
[UpdateSubscribersStep] Executing task "updateSubscribersTask" of process "5d1a35e4-76bc-11eb-aafa-eeee0a893f1f"...#

#2.0#2021 02 24 16:21:35.343#Z#DEBUG#com.sap.cloud.lm.sl.xs2.513db686-76bc-11eb-aafa-eeee0a893f1f.OPERATION.updateSubscribersTask#
######org.cloudfoundry.multiapps.controller.persistence.services.ProcessLogger########flowable-async-job-executor-thread-9696###
[UpdateSubscribersStep] Updating subscribers...#

#2.0#2021 02 24 16:21:35.400#Z#DEBUG#com.sap.cloud.lm.sl.xs2.513db686-76bc-11eb-aafa-eeee0a893f1f.OPERATION.updateSubscribersTask#
######org.cloudfoundry.multiapps.controller.persistence.services.ProcessLogger########flowable-async-job-executor-thread-9696###
[UpdateSubscribersStep] Subscribers updated#

#2.0#2021 02 24 16:21:35.400#Z#DEBUG#com.sap.cloud.lm.sl.xs2.513db686-76bc-11eb-aafa-eeee0a893f1f.OPERATION.updateSubscribersTask#
######org.cloudfoundry.multiapps.controller.persistence.services.ProcessLogger########flowable-async-job-executor-thread-9696###
Step "Update Subscribers" finished#

#2.0#2021 02 24 16:21:35.424#Z#DEBUG#com.sap.cloud.lm.sl.xs2.513db686-76bc-11eb-aafa-eeee0a893f1f.OPERATION.restartSubscribersTask#
######org.cloudfoundry.multiapps.controller.persistence.services.ProcessLogger########flowable-async-job-executor-thread-9696###
[RestartSubscribersStep] Executing task "restartSubscribersTask" of process "5d1a35e4-76bc-11eb-aafa-eeee0a893f1f"...#

#2.0#2021 02 24 16:21:35.425#Z#DEBUG#com.sap.cloud.lm.sl.xs2.513db686-76bc-11eb-aafa-eeee0a893f1f.OPERATION.restartSubscribersTask#
######org.cloudfoundry.multiapps.controller.persistence.services.ProcessLogger########flowable-async-job-executor-thread-9696###
Step "Restart Subscribers" finished#

#2.0#2021 02 24 16:21:35.453#Z#DEBUG#com.sap.cloud.lm.sl.xs2.513db686-76bc-11eb-aafa-eeee0a893f1f.OPERATION.prepareToRestartServiceBrokerSubscribersTask#
######org.cloudfoundry.multiapps.controller.persistence.services.ProcessLogger########flowable-async-job-executor-thread-9696###
[PrepareToRestartServiceBrokerSubscribersStep] Executing task "prepareToRestartServiceBrokerSubscribersTask" of process "5d1a35e4-76bc-11eb-aafa-eeee0a893f1f"...#

#2.0#2021 02 24 16:21:35.455#Z#DEBUG#com.sap.cloud.lm.sl.xs2.513db686-76bc-11eb-aafa-eeee0a893f1f.OPERATION.prepareToRestartServiceBrokerSubscribersTask#
######org.cloudfoundry.multiapps.controller.persistence.services.ProcessLogger########flowable-async-job-executor-thread-9696###
Step "Prepare To Restart Service Brokers Subscribers" finished#

